<?xml version="1.0" encoding="UTF-8"?>
<!-- Generated by org.testng.reporters.JUnitXMLReporter -->
<testsuite ignored="0" hostname="T440p" failures="0" tests="5" name="Default test" time="0.099" errors="0" timestamp="2021-10-14T16:36:36 CEST">
  <testcase classname="TetsReports" name="BrowserTest" time="0.011"/>
  <testcase classname="TetsReports" name="FileUpload" time="0.003"/>
  <testcase classname="TetsReports" name="Searchfiltercriteria" time="0.002"/>
  <testcase classname="TetsReports" name="SignInTest" time="0.003"/>
  <testcase classname="TetsReports" name="SignUpTest" time="0.003"/>
</testsuite> <!-- Default test -->
