<?xml version="1.0" encoding="UTF-8"?>
<testng-results ignored="0" total="5" passed="5" failed="0" skipped="0">
  <reporter-output>
  </reporter-output>
  <suite started-at="2021-10-14T16:36:36 CEST" name="Default suite" finished-at="2021-10-14T16:36:36 CEST" duration-ms="99">
    <groups>
    </groups>
    <test started-at="2021-10-14T16:36:36 CEST" name="Default test" finished-at="2021-10-14T16:36:36 CEST" duration-ms="99">
      <class name="TetsReports">
        <test-method signature="BrowserTest()[pri:0, instance:TetsReports@3d680b5a]" started-at="2021-10-14T16:36:36 CEST" name="BrowserTest" finished-at="2021-10-14T16:36:36 CEST" duration-ms="11" status="PASS">
          <reporter-output>
          </reporter-output>
        </test-method> <!-- BrowserTest -->
        <test-method signature="FileUpload()[pri:0, instance:TetsReports@3d680b5a]" started-at="2021-10-14T16:36:36 CEST" name="FileUpload" finished-at="2021-10-14T16:36:36 CEST" duration-ms="3" status="PASS">
          <reporter-output>
          </reporter-output>
        </test-method> <!-- FileUpload -->
        <test-method signature="Searchfiltercriteria()[pri:0, instance:TetsReports@3d680b5a]" started-at="2021-10-14T16:36:36 CEST" name="Searchfiltercriteria" finished-at="2021-10-14T16:36:36 CEST" duration-ms="2" status="PASS">
          <reporter-output>
          </reporter-output>
        </test-method> <!-- Searchfiltercriteria -->
        <test-method signature="SignInTest()[pri:0, instance:TetsReports@3d680b5a]" started-at="2021-10-14T16:36:36 CEST" name="SignInTest" finished-at="2021-10-14T16:36:36 CEST" duration-ms="3" status="PASS">
          <reporter-output>
          </reporter-output>
        </test-method> <!-- SignInTest -->
        <test-method signature="SignUpTest()[pri:0, instance:TetsReports@3d680b5a]" started-at="2021-10-14T16:36:36 CEST" name="SignUpTest" finished-at="2021-10-14T16:36:36 CEST" duration-ms="3" status="PASS">
          <reporter-output>
          </reporter-output>
        </test-method> <!-- SignUpTest -->
      </class> <!-- TetsReports -->
    </test> <!-- Default test -->
  </suite> <!-- Default suite -->
</testng-results>
